0 info it worked if it ends with ok
1 verbose cli [ '/usr/local/Cellar/node/7.1.0/bin/node',
1 verbose cli   '/usr/local/bin/npm',
1 verbose cli   'install',
1 verbose cli   'pigpio',
1 verbose cli   '-g' ]
2 info using npm@3.10.9
3 info using node@v7.1.0
4 silly loadCurrentTree Starting
5 silly install loadCurrentTree
6 silly install readGlobalPackageData
7 silly fetchPackageMetaData pigpio
8 silly fetchNamedPackageData pigpio
9 silly mapToRegistry name pigpio
10 silly mapToRegistry using default registry
11 silly mapToRegistry registry https://registry.npmjs.org/
12 silly mapToRegistry data Result {
12 silly mapToRegistry   raw: 'pigpio',
12 silly mapToRegistry   scope: null,
12 silly mapToRegistry   escapedName: 'pigpio',
12 silly mapToRegistry   name: 'pigpio',
12 silly mapToRegistry   rawSpec: '',
12 silly mapToRegistry   spec: 'latest',
12 silly mapToRegistry   type: 'tag' }
13 silly mapToRegistry uri https://registry.npmjs.org/pigpio
14 verbose request uri https://registry.npmjs.org/pigpio
15 verbose request no auth needed
16 info attempt registry request try #1 at 4:46:29 PM
17 verbose request id 7dda5fedba22dba9
18 verbose etag W/"5977b347-9336"
19 verbose lastModified Tue, 25 Jul 2017 21:08:23 GMT
20 http request GET https://registry.npmjs.org/pigpio
21 http 304 https://registry.npmjs.org/pigpio
22 verbose headers { date: 'Fri, 28 Jul 2017 21:46:29 GMT',
22 verbose headers   via: '1.1 varnish',
22 verbose headers   'cache-control': 'max-age=300',
22 verbose headers   etag: 'W/"5977b347-9336"',
22 verbose headers   age: '139',
22 verbose headers   connection: 'keep-alive',
22 verbose headers   'x-served-by': 'cache-dfw1828-DFW',
22 verbose headers   'x-cache': 'HIT',
22 verbose headers   'x-cache-hits': '1',
22 verbose headers   'x-timer': 'S1501278390.730295,VS0,VE1',
22 verbose headers   vary: 'Accept-Encoding, Accept' }
23 silly get cb [ 304,
23 silly get   { date: 'Fri, 28 Jul 2017 21:46:29 GMT',
23 silly get     via: '1.1 varnish',
23 silly get     'cache-control': 'max-age=300',
23 silly get     etag: 'W/"5977b347-9336"',
23 silly get     age: '139',
23 silly get     connection: 'keep-alive',
23 silly get     'x-served-by': 'cache-dfw1828-DFW',
23 silly get     'x-cache': 'HIT',
23 silly get     'x-cache-hits': '1',
23 silly get     'x-timer': 'S1501278390.730295,VS0,VE1',
23 silly get     vary: 'Accept-Encoding, Accept' } ]
24 verbose etag https://registry.npmjs.org/pigpio from cache
25 verbose get saving pigpio to /Users/sanjeevghimire/.npm/registry.npmjs.org/pigpio/.cache.json
26 verbose correctMkdir /Users/sanjeevghimire/.npm correctMkdir not in flight; initializing
27 silly install normalizeTree
28 silly loadCurrentTree Finishing
29 silly loadIdealTree Starting
30 silly install loadIdealTree
31 silly cloneCurrentTree Starting
32 silly install cloneCurrentTreeToIdealTree
33 silly cloneCurrentTree Finishing
34 silly loadShrinkwrap Starting
35 silly install loadShrinkwrap
36 silly loadShrinkwrap Finishing
37 silly loadAllDepsIntoIdealTree Starting
38 silly install loadAllDepsIntoIdealTree
39 silly resolveWithNewModule pigpio@0.6.1 checking installable status
40 silly cache add args [ 'pigpio', null ]
41 verbose cache add spec pigpio
42 silly cache add parsed spec Result {
42 silly cache add   raw: 'pigpio',
42 silly cache add   scope: null,
42 silly cache add   escapedName: 'pigpio',
42 silly cache add   name: 'pigpio',
42 silly cache add   rawSpec: '',
42 silly cache add   spec: 'latest',
42 silly cache add   type: 'tag' }
43 silly addNamed pigpio@latest
44 verbose addNamed "latest" is being treated as a dist-tag for pigpio
45 info addNameTag [ 'pigpio', 'latest' ]
46 silly mapToRegistry name pigpio
47 silly mapToRegistry using default registry
48 silly mapToRegistry registry https://registry.npmjs.org/
49 silly mapToRegistry data Result {
49 silly mapToRegistry   raw: 'pigpio',
49 silly mapToRegistry   scope: null,
49 silly mapToRegistry   escapedName: 'pigpio',
49 silly mapToRegistry   name: 'pigpio',
49 silly mapToRegistry   rawSpec: '',
49 silly mapToRegistry   spec: 'latest',
49 silly mapToRegistry   type: 'tag' }
50 silly mapToRegistry uri https://registry.npmjs.org/pigpio
51 verbose addNameTag registry:https://registry.npmjs.org/pigpio not in flight; fetching
52 verbose get https://registry.npmjs.org/pigpio not expired, no request
53 silly addNameTag next cb for pigpio with tag latest
54 silly addNamed pigpio@0.6.1
55 verbose addNamed "0.6.1" is a plain semver version for pigpio
56 silly mapToRegistry name pigpio
57 silly mapToRegistry using default registry
58 silly mapToRegistry registry https://registry.npmjs.org/
59 silly mapToRegistry data Result {
59 silly mapToRegistry   raw: 'pigpio',
59 silly mapToRegistry   scope: null,
59 silly mapToRegistry   escapedName: 'pigpio',
59 silly mapToRegistry   name: 'pigpio',
59 silly mapToRegistry   rawSpec: '',
59 silly mapToRegistry   spec: 'latest',
59 silly mapToRegistry   type: 'tag' }
60 silly mapToRegistry uri https://registry.npmjs.org/pigpio
61 verbose addRemoteTarball https://registry.npmjs.org/pigpio/-/pigpio-0.6.1.tgz not in flight; adding
62 verbose addRemoteTarball [ 'https://registry.npmjs.org/pigpio/-/pigpio-0.6.1.tgz',
62 verbose addRemoteTarball   '567c652e0ff6091f34e070aa3508aeaa2e653708' ]
63 info retry fetch attempt 1 at 4:46:29 PM
64 info attempt registry request try #1 at 4:46:29 PM
65 http fetch GET https://registry.npmjs.org/pigpio/-/pigpio-0.6.1.tgz
66 http fetch 200 https://registry.npmjs.org/pigpio/-/pigpio-0.6.1.tgz
67 silly fetchAndShaCheck shasum 567c652e0ff6091f34e070aa3508aeaa2e653708
68 verbose addTmpTarball /var/folders/_h/4trwzcd908g703_vdw2q1yn00000gn/T/npm-65827-f0b2bc44/registry.npmjs.org/pigpio/-/pigpio-0.6.1.tgz not in flight; adding
69 verbose addTmpTarball already have metadata; skipping unpack for pigpio@0.6.1
70 verbose correctMkdir /Users/sanjeevghimire/.npm correctMkdir not in flight; initializing
71 silly cache afterAdd pigpio@0.6.1
72 verbose afterAdd /Users/sanjeevghimire/.npm/pigpio/0.6.1/package/package.json not in flight; writing
73 verbose correctMkdir /Users/sanjeevghimire/.npm correctMkdir not in flight; initializing
74 verbose afterAdd /Users/sanjeevghimire/.npm/pigpio/0.6.1/package/package.json written
75 silly fetchNamedPackageData bindings
76 silly mapToRegistry name bindings
77 silly mapToRegistry using default registry
78 silly mapToRegistry registry https://registry.npmjs.org/
79 silly mapToRegistry data Result {
79 silly mapToRegistry   raw: 'bindings',
79 silly mapToRegistry   scope: null,
79 silly mapToRegistry   escapedName: 'bindings',
79 silly mapToRegistry   name: 'bindings',
79 silly mapToRegistry   rawSpec: '',
79 silly mapToRegistry   spec: 'latest',
79 silly mapToRegistry   type: 'tag' }
80 silly mapToRegistry uri https://registry.npmjs.org/bindings
81 silly fetchNamedPackageData nan
82 silly mapToRegistry name nan
83 silly mapToRegistry using default registry
84 silly mapToRegistry registry https://registry.npmjs.org/
85 silly mapToRegistry data Result {
85 silly mapToRegistry   raw: 'nan',
85 silly mapToRegistry   scope: null,
85 silly mapToRegistry   escapedName: 'nan',
85 silly mapToRegistry   name: 'nan',
85 silly mapToRegistry   rawSpec: '',
85 silly mapToRegistry   spec: 'latest',
85 silly mapToRegistry   type: 'tag' }
86 silly mapToRegistry uri https://registry.npmjs.org/nan
87 verbose request uri https://registry.npmjs.org/bindings
88 verbose request no auth needed
89 info attempt registry request try #1 at 4:46:30 PM
90 verbose etag W/"59764778-4c05"
91 verbose lastModified Mon, 24 Jul 2017 19:16:08 GMT
92 http request GET https://registry.npmjs.org/bindings
93 verbose request uri https://registry.npmjs.org/nan
94 verbose request no auth needed
95 info attempt registry request try #1 at 4:46:30 PM
96 verbose etag W/"597a1ce5-1fa1a"
97 verbose lastModified Thu, 27 Jul 2017 17:03:33 GMT
98 http request GET https://registry.npmjs.org/nan
99 http 304 https://registry.npmjs.org/bindings
100 verbose headers { date: 'Fri, 28 Jul 2017 21:46:30 GMT',
100 verbose headers   via: '1.1 varnish',
100 verbose headers   'cache-control': 'max-age=300',
100 verbose headers   etag: 'W/"59764778-4c05"',
100 verbose headers   age: '56',
100 verbose headers   connection: 'keep-alive',
100 verbose headers   'x-served-by': 'cache-dfw1828-DFW',
100 verbose headers   'x-cache': 'HIT',
100 verbose headers   'x-cache-hits': '1',
100 verbose headers   'x-timer': 'S1501278391.525862,VS0,VE1',
100 verbose headers   vary: 'Accept-Encoding, Accept' }
101 silly get cb [ 304,
101 silly get   { date: 'Fri, 28 Jul 2017 21:46:30 GMT',
101 silly get     via: '1.1 varnish',
101 silly get     'cache-control': 'max-age=300',
101 silly get     etag: 'W/"59764778-4c05"',
101 silly get     age: '56',
101 silly get     connection: 'keep-alive',
101 silly get     'x-served-by': 'cache-dfw1828-DFW',
101 silly get     'x-cache': 'HIT',
101 silly get     'x-cache-hits': '1',
101 silly get     'x-timer': 'S1501278391.525862,VS0,VE1',
101 silly get     vary: 'Accept-Encoding, Accept' } ]
102 verbose etag https://registry.npmjs.org/bindings from cache
103 verbose get saving bindings to /Users/sanjeevghimire/.npm/registry.npmjs.org/bindings/.cache.json
104 verbose correctMkdir /Users/sanjeevghimire/.npm correctMkdir not in flight; initializing
105 silly resolveWithNewModule bindings@1.2.1 checking installable status
106 silly cache add args [ 'bindings@~1.2.1', null ]
107 verbose cache add spec bindings@~1.2.1
108 silly cache add parsed spec Result {
108 silly cache add   raw: 'bindings@~1.2.1',
108 silly cache add   scope: null,
108 silly cache add   escapedName: 'bindings',
108 silly cache add   name: 'bindings',
108 silly cache add   rawSpec: '~1.2.1',
108 silly cache add   spec: '>=1.2.1 <1.3.0',
108 silly cache add   type: 'range' }
109 silly addNamed bindings@>=1.2.1 <1.3.0
110 verbose addNamed ">=1.2.1 <1.3.0" is a valid semver range for bindings
111 silly addNameRange { name: 'bindings', range: '>=1.2.1 <1.3.0', hasData: false }
112 silly mapToRegistry name bindings
113 silly mapToRegistry using default registry
114 silly mapToRegistry registry https://registry.npmjs.org/
115 silly mapToRegistry data Result {
115 silly mapToRegistry   raw: 'bindings',
115 silly mapToRegistry   scope: null,
115 silly mapToRegistry   escapedName: 'bindings',
115 silly mapToRegistry   name: 'bindings',
115 silly mapToRegistry   rawSpec: '',
115 silly mapToRegistry   spec: 'latest',
115 silly mapToRegistry   type: 'tag' }
116 silly mapToRegistry uri https://registry.npmjs.org/bindings
117 verbose addNameRange registry:https://registry.npmjs.org/bindings not in flight; fetching
118 verbose get https://registry.npmjs.org/bindings not expired, no request
119 silly addNameRange number 2 { name: 'bindings', range: '>=1.2.1 <1.3.0', hasData: true }
120 silly addNameRange versions [ 'bindings',
120 silly addNameRange   [ '0.0.1',
120 silly addNameRange     '0.1.0',
120 silly addNameRange     '0.1.1',
120 silly addNameRange     '0.2.0',
120 silly addNameRange     '0.2.1',
120 silly addNameRange     '0.2.2',
120 silly addNameRange     '0.2.3',
120 silly addNameRange     '0.2.4',
120 silly addNameRange     '0.3.0',
120 silly addNameRange     '0.4.0',
120 silly addNameRange     '1.0.0',
120 silly addNameRange     '1.1.0',
120 silly addNameRange     '1.1.1',
120 silly addNameRange     '1.2.0',
120 silly addNameRange     '1.2.1',
120 silly addNameRange     '1.3.0' ] ]
121 silly addNamed bindings@1.2.1
122 verbose addNamed "1.2.1" is a plain semver version for bindings
123 silly cache afterAdd bindings@1.2.1
124 verbose afterAdd /Users/sanjeevghimire/.npm/bindings/1.2.1/package/package.json not in flight; writing
125 verbose correctMkdir /Users/sanjeevghimire/.npm correctMkdir not in flight; initializing
126 verbose afterAdd /Users/sanjeevghimire/.npm/bindings/1.2.1/package/package.json written
127 http 304 https://registry.npmjs.org/nan
128 verbose headers { date: 'Fri, 28 Jul 2017 21:46:30 GMT',
128 verbose headers   via: '1.1 varnish',
128 verbose headers   'cache-control': 'max-age=300',
128 verbose headers   etag: 'W/"597a1ce5-1fa1a"',
128 verbose headers   age: '168',
128 verbose headers   connection: 'keep-alive',
128 verbose headers   'x-served-by': 'cache-dfw1845-DFW',
128 verbose headers   'x-cache': 'HIT',
128 verbose headers   'x-cache-hits': '2',
128 verbose headers   'x-timer': 'S1501278391.596235,VS0,VE0',
128 verbose headers   vary: 'Accept-Encoding, Accept' }
129 silly get cb [ 304,
129 silly get   { date: 'Fri, 28 Jul 2017 21:46:30 GMT',
129 silly get     via: '1.1 varnish',
129 silly get     'cache-control': 'max-age=300',
129 silly get     etag: 'W/"597a1ce5-1fa1a"',
129 silly get     age: '168',
129 silly get     connection: 'keep-alive',
129 silly get     'x-served-by': 'cache-dfw1845-DFW',
129 silly get     'x-cache': 'HIT',
129 silly get     'x-cache-hits': '2',
129 silly get     'x-timer': 'S1501278391.596235,VS0,VE0',
129 silly get     vary: 'Accept-Encoding, Accept' } ]
130 verbose etag https://registry.npmjs.org/nan from cache
131 verbose get saving nan to /Users/sanjeevghimire/.npm/registry.npmjs.org/nan/.cache.json
132 verbose correctMkdir /Users/sanjeevghimire/.npm correctMkdir not in flight; initializing
133 silly resolveWithNewModule nan@2.6.2 checking installable status
134 silly cache add args [ 'nan@~2.6.2', null ]
135 verbose cache add spec nan@~2.6.2
136 silly cache add parsed spec Result {
136 silly cache add   raw: 'nan@~2.6.2',
136 silly cache add   scope: null,
136 silly cache add   escapedName: 'nan',
136 silly cache add   name: 'nan',
136 silly cache add   rawSpec: '~2.6.2',
136 silly cache add   spec: '>=2.6.2 <2.7.0',
136 silly cache add   type: 'range' }
137 silly addNamed nan@>=2.6.2 <2.7.0
138 verbose addNamed ">=2.6.2 <2.7.0" is a valid semver range for nan
139 silly addNameRange { name: 'nan', range: '>=2.6.2 <2.7.0', hasData: false }
140 silly mapToRegistry name nan
141 silly mapToRegistry using default registry
142 silly mapToRegistry registry https://registry.npmjs.org/
143 silly mapToRegistry data Result {
143 silly mapToRegistry   raw: 'nan',
143 silly mapToRegistry   scope: null,
143 silly mapToRegistry   escapedName: 'nan',
143 silly mapToRegistry   name: 'nan',
143 silly mapToRegistry   rawSpec: '',
143 silly mapToRegistry   spec: 'latest',
143 silly mapToRegistry   type: 'tag' }
144 silly mapToRegistry uri https://registry.npmjs.org/nan
145 verbose addNameRange registry:https://registry.npmjs.org/nan not in flight; fetching
146 verbose get https://registry.npmjs.org/nan not expired, no request
147 silly addNameRange number 2 { name: 'nan', range: '>=2.6.2 <2.7.0', hasData: true }
148 silly addNameRange versions [ 'nan',
148 silly addNameRange   [ '0.3.0-wip',
148 silly addNameRange     '0.3.0-wip2',
148 silly addNameRange     '0.3.0',
148 silly addNameRange     '0.3.1',
148 silly addNameRange     '0.3.2',
148 silly addNameRange     '0.4.0',
148 silly addNameRange     '0.4.1',
148 silly addNameRange     '0.4.2',
148 silly addNameRange     '0.4.3',
148 silly addNameRange     '0.4.4',
148 silly addNameRange     '0.5.0',
148 silly addNameRange     '0.5.1',
148 silly addNameRange     '0.5.2',
148 silly addNameRange     '0.6.0',
148 silly addNameRange     '0.7.0',
148 silly addNameRange     '0.7.1',
148 silly addNameRange     '0.8.0',
148 silly addNameRange     '1.0.0',
148 silly addNameRange     '1.1.0',
148 silly addNameRange     '1.1.1',
148 silly addNameRange     '1.1.2',
148 silly addNameRange     '1.2.0',
148 silly addNameRange     '1.3.0',
148 silly addNameRange     '1.4.0',
148 silly addNameRange     '1.4.1',
148 silly addNameRange     '1.5.0',
148 silly addNameRange     '1.4.2',
148 silly addNameRange     '1.4.3',
148 silly addNameRange     '1.5.1',
148 silly addNameRange     '1.5.2',
148 silly addNameRange     '1.6.0',
148 silly addNameRange     '1.5.3',
148 silly addNameRange     '1.6.1',
148 silly addNameRange     '1.6.2',
148 silly addNameRange     '1.7.0',
148 silly addNameRange     '1.8.0',
148 silly addNameRange     '1.8.1',
148 silly addNameRange     '1.8.2',
148 silly addNameRange     '1.8.3',
148 silly addNameRange     '1.8.4',
148 silly addNameRange     '1.9.0',
148 silly addNameRange     '2.0.0',
148 silly addNameRange     '2.0.1',
148 silly addNameRange     '2.0.2',
148 silly addNameRange     '2.0.3',
148 silly addNameRange     '2.0.4',
148 silly addNameRange     '2.0.5',
148 silly addNameRange     '2.0.6',
148 silly addNameRange     '2.0.7',
148 silly addNameRange     '2.0.8',
148 silly addNameRange     '2.0.9',
148 silly addNameRange     '2.1.0',
148 silly addNameRange     '2.2.0',
148 silly addNameRange     '2.2.1',
148 silly addNameRange     '2.3.0',
148 silly addNameRange     '2.3.1',
148 silly addNameRange     '2.3.2',
148 silly addNameRange     '2.3.3',
148 silly addNameRange     '2.3.4',
148 silly addNameRange     '2.3.5',
148 silly addNameRange     '2.4.0',
148 silly addNameRange     '2.5.0',
148 silly addNameRange     '2.5.1',
148 silly addNameRange     '2.6.0',
148 silly addNameRange     '2.6.1',
148 silly addNameRange     '2.6.2' ] ]
149 silly addNamed nan@2.6.2
150 verbose addNamed "2.6.2" is a plain semver version for nan
151 silly cache afterAdd nan@2.6.2
152 verbose afterAdd /Users/sanjeevghimire/.npm/nan/2.6.2/package/package.json not in flight; writing
153 verbose correctMkdir /Users/sanjeevghimire/.npm correctMkdir not in flight; initializing
154 verbose afterAdd /Users/sanjeevghimire/.npm/nan/2.6.2/package/package.json written
155 silly loadAllDepsIntoIdealTree Finishing
156 silly loadIdealTree Finishing
157 silly currentTree lib
158 silly idealTree lib
158 silly idealTree └─┬ pigpio@0.6.1
158 silly idealTree   ├── bindings@1.2.1
158 silly idealTree   └── nan@2.6.2
159 silly generateActionsToTake Starting
160 silly install generateActionsToTake
161 silly generateActionsToTake Finishing
162 silly diffTrees action count 3
163 silly diffTrees add bindings@1.2.1
164 silly diffTrees add nan@2.6.2
165 silly diffTrees add pigpio@0.6.1
166 silly decomposeActions action count 24
167 silly decomposeActions fetch bindings@1.2.1
168 silly decomposeActions extract bindings@1.2.1
169 silly decomposeActions test bindings@1.2.1
170 silly decomposeActions preinstall bindings@1.2.1
171 silly decomposeActions build bindings@1.2.1
172 silly decomposeActions install bindings@1.2.1
173 silly decomposeActions postinstall bindings@1.2.1
174 silly decomposeActions finalize bindings@1.2.1
175 silly decomposeActions fetch nan@2.6.2
176 silly decomposeActions extract nan@2.6.2
177 silly decomposeActions test nan@2.6.2
178 silly decomposeActions preinstall nan@2.6.2
179 silly decomposeActions build nan@2.6.2
180 silly decomposeActions install nan@2.6.2
181 silly decomposeActions postinstall nan@2.6.2
182 silly decomposeActions finalize nan@2.6.2
183 silly decomposeActions fetch pigpio@0.6.1
184 silly decomposeActions extract pigpio@0.6.1
185 silly decomposeActions test pigpio@0.6.1
186 silly decomposeActions preinstall pigpio@0.6.1
187 silly decomposeActions build pigpio@0.6.1
188 silly decomposeActions install pigpio@0.6.1
189 silly decomposeActions postinstall pigpio@0.6.1
190 silly decomposeActions finalize pigpio@0.6.1
191 silly runTopLevelLifecycles Starting
192 silly executeActions Starting
193 silly install executeActions
194 silly doSerial global-install 0
195 silly doParallel fetch 3
196 verbose correctMkdir /Users/sanjeevghimire/.npm/_locks correctMkdir not in flight; initializing
197 verbose lock using /Users/sanjeevghimire/.npm/_locks/staging-3a08f0df5026584d.lock for /usr/local/lib/node_modules/.staging
198 silly doParallel extract 3
199 silly extract bindings@1.2.1
200 silly extract nan@2.6.2
201 silly extract pigpio@0.6.1
202 verbose unbuild lib/node_modules/.staging/bindings-97ca0645
203 verbose unbuild lib/node_modules/.staging/pigpio-d0a06d96
204 verbose unbuild lib/node_modules/.staging/nan-04cd66c9
205 silly gentlyRm /usr/local/lib/node_modules/.staging/bindings-97ca0645 is being purged from base /usr/local
206 verbose gentlyRm don't care about contents; nuking /usr/local/lib/node_modules/.staging/bindings-97ca0645
207 silly gentlyRm /usr/local/lib/node_modules/.staging/pigpio-d0a06d96 is being purged from base /usr/local
208 verbose gentlyRm don't care about contents; nuking /usr/local/lib/node_modules/.staging/pigpio-d0a06d96
209 silly gentlyRm /usr/local/lib/node_modules/.staging/nan-04cd66c9 is being purged from base /usr/local
210 verbose gentlyRm don't care about contents; nuking /usr/local/lib/node_modules/.staging/nan-04cd66c9
211 verbose tar unpack /Users/sanjeevghimire/.npm/bindings/1.2.1/package.tgz
212 verbose tar unpacking to /usr/local/lib/node_modules/.staging/bindings-97ca0645
213 silly gentlyRm /usr/local/lib/node_modules/.staging/bindings-97ca0645 is being purged
214 verbose gentlyRm don't care about contents; nuking /usr/local/lib/node_modules/.staging/bindings-97ca0645
215 verbose tar unpack /Users/sanjeevghimire/.npm/pigpio/0.6.1/package.tgz
216 verbose tar unpacking to /usr/local/lib/node_modules/.staging/pigpio-d0a06d96
217 silly gentlyRm /usr/local/lib/node_modules/.staging/pigpio-d0a06d96 is being purged
218 verbose gentlyRm don't care about contents; nuking /usr/local/lib/node_modules/.staging/pigpio-d0a06d96
219 verbose tar unpack /Users/sanjeevghimire/.npm/nan/2.6.2/package.tgz
220 verbose tar unpacking to /usr/local/lib/node_modules/.staging/nan-04cd66c9
221 silly gentlyRm /usr/local/lib/node_modules/.staging/nan-04cd66c9 is being purged
222 verbose gentlyRm don't care about contents; nuking /usr/local/lib/node_modules/.staging/nan-04cd66c9
223 silly gunzTarPerm modes [ '755', '644' ]
224 silly gunzTarPerm modes [ '755', '644' ]
225 silly gunzTarPerm modes [ '755', '644' ]
226 silly gunzTarPerm extractEntry package.json
227 silly gunzTarPerm extractEntry package.json
228 silly gunzTarPerm modified mode [ 'package.json', 436, 420 ]
229 silly gunzTarPerm extractEntry package.json
230 silly gunzTarPerm modified mode [ 'package.json', 436, 420 ]
231 silly gunzTarPerm extractEntry README.md
232 silly gunzTarPerm extractEntry bindings.js
233 silly gunzTarPerm extractEntry .npmignore
234 silly gunzTarPerm modified mode [ '.npmignore', 436, 420 ]
235 silly gunzTarPerm extractEntry README.md
236 silly gunzTarPerm modified mode [ 'README.md', 436, 420 ]
237 silly gunzTarPerm extractEntry README.md
238 silly gunzTarPerm modified mode [ 'README.md', 436, 420 ]
239 silly gunzTarPerm extractEntry include_dirs.js
240 silly gunzTarPerm modified mode [ 'include_dirs.js', 436, 420 ]
241 silly gunzTarPerm extractEntry LICENSE
242 silly gunzTarPerm modified mode [ 'LICENSE', 436, 420 ]
243 silly gunzTarPerm extractEntry pigpio.js
244 silly gunzTarPerm modified mode [ 'pigpio.js', 436, 420 ]
245 silly gunzTarPerm extractEntry nan_converters_43_inl.h
246 silly gunzTarPerm modified mode [ 'nan_converters_43_inl.h', 436, 420 ]
247 silly gunzTarPerm extractEntry LICENSE.md
248 silly gunzTarPerm modified mode [ 'LICENSE.md', 436, 420 ]
249 silly gunzTarPerm extractEntry doc/new.md
250 silly gunzTarPerm modified mode [ 'doc/new.md', 436, 420 ]
251 silly gunzTarPerm extractEntry doc/asyncworker.md
252 silly gunzTarPerm modified mode [ 'doc/asyncworker.md', 436, 420 ]
253 silly gunzTarPerm extractEntry History.md
254 silly gunzTarPerm modified mode [ 'History.md', 436, 420 ]
255 silly gunzTarPerm extractEntry doc/callback.md
256 silly gunzTarPerm modified mode [ 'doc/callback.md', 436, 420 ]
257 silly gunzTarPerm extractEntry doc/converters.md
258 silly gunzTarPerm modified mode [ 'doc/converters.md', 436, 420 ]
259 silly gunzTarPerm extractEntry example/alert.js
260 silly gunzTarPerm modified mode [ 'example/alert.js', 436, 420 ]
261 silly gunzTarPerm extractEntry example/blinky.js
262 silly gunzTarPerm modified mode [ 'example/blinky.js', 436, 420 ]
263 silly gunzTarPerm extractEntry doc/errors.md
264 silly gunzTarPerm modified mode [ 'doc/errors.md', 436, 420 ]
265 silly gunzTarPerm extractEntry doc/json.md
266 silly gunzTarPerm modified mode [ 'doc/json.md', 436, 420 ]
267 silly gunzTarPerm extractEntry example/distance-hc-sr04.js
268 silly gunzTarPerm modified mode [ 'example/distance-hc-sr04.js', 436, 420 ]
269 silly gunzTarPerm extractEntry example/gpio-info.js
270 silly gunzTarPerm modified mode [ 'example/gpio-info.js', 436, 420 ]
271 silly gunzTarPerm extractEntry doc/maybe_types.md
272 silly gunzTarPerm modified mode [ 'doc/maybe_types.md', 436, 420 ]
273 silly gunzTarPerm extractEntry doc/methods.md
274 silly gunzTarPerm modified mode [ 'doc/methods.md', 436, 420 ]
275 silly gentlyRm /usr/local/lib/node_modules/.staging/bindings-97ca0645/node_modules is being purged
276 verbose gentlyRm don't care about contents; nuking /usr/local/lib/node_modules/.staging/bindings-97ca0645/node_modules
277 silly gunzTarPerm extractEntry example/light-switch.js
278 silly gunzTarPerm modified mode [ 'example/light-switch.js', 436, 420 ]
279 silly gunzTarPerm extractEntry example/pulse-led.js
280 silly gunzTarPerm modified mode [ 'example/pulse-led.js', 436, 420 ]
281 silly gunzTarPerm extractEntry doc/buffers.md
282 silly gunzTarPerm modified mode [ 'doc/buffers.md', 436, 420 ]
283 silly gunzTarPerm extractEntry doc/node_misc.md
284 silly gunzTarPerm modified mode [ 'doc/node_misc.md', 436, 420 ]
285 silly gunzTarPerm extractEntry example/servo.js
286 silly gunzTarPerm modified mode [ 'example/servo.js', 436, 420 ]
287 silly gunzTarPerm extractEntry example/distance-hc-sr04.png
288 silly gunzTarPerm modified mode [ 'example/distance-hc-sr04.png', 436, 420 ]
289 silly gunzTarPerm extractEntry doc/object_wrappers.md
290 silly gunzTarPerm modified mode [ 'doc/object_wrappers.md', 436, 420 ]
291 silly gunzTarPerm extractEntry doc/persistent.md
292 silly gunzTarPerm modified mode [ 'doc/persistent.md', 436, 420 ]
293 silly gunzTarPerm extractEntry doc/scopes.md
294 silly gunzTarPerm modified mode [ 'doc/scopes.md', 436, 420 ]
295 silly gunzTarPerm extractEntry doc/script.md
296 silly gunzTarPerm modified mode [ 'doc/script.md', 436, 420 ]
297 silly gunzTarPerm extractEntry doc/string_bytes.md
298 silly gunzTarPerm modified mode [ 'doc/string_bytes.md', 436, 420 ]
299 silly gunzTarPerm extractEntry doc/v8_internals.md
300 silly gunzTarPerm modified mode [ 'doc/v8_internals.md', 436, 420 ]
301 silly gunzTarPerm extractEntry doc/v8_misc.md
302 silly gunzTarPerm modified mode [ 'doc/v8_misc.md', 436, 420 ]
303 silly gunzTarPerm extractEntry example/led-button.png
304 silly gunzTarPerm modified mode [ 'example/led-button.png', 436, 420 ]
305 silly gunzTarPerm extractEntry nan.h
306 silly gunzTarPerm modified mode [ 'nan.h', 436, 420 ]
307 silly gunzTarPerm extractEntry nan_callbacks.h
308 silly gunzTarPerm modified mode [ 'nan_callbacks.h', 436, 420 ]
309 silly gunzTarPerm extractEntry nan_callbacks_12_inl.h
310 silly gunzTarPerm modified mode [ 'nan_callbacks_12_inl.h', 436, 420 ]
311 silly gunzTarPerm extractEntry nan_callbacks_pre_12_inl.h
312 silly gunzTarPerm modified mode [ 'nan_callbacks_pre_12_inl.h', 436, 420 ]
313 silly gunzTarPerm extractEntry nan_converters.h
314 silly gunzTarPerm modified mode [ 'nan_converters.h', 436, 420 ]
315 silly gunzTarPerm extractEntry nan_converters_pre_43_inl.h
316 silly gunzTarPerm modified mode [ 'nan_converters_pre_43_inl.h', 436, 420 ]
317 silly gunzTarPerm extractEntry nan_implementation_12_inl.h
318 silly gunzTarPerm modified mode [ 'nan_implementation_12_inl.h', 436, 420 ]
319 silly gunzTarPerm extractEntry nan_implementation_pre_12_inl.h
320 silly gunzTarPerm modified mode [ 'nan_implementation_pre_12_inl.h', 436, 420 ]
321 silly gunzTarPerm extractEntry nan_json.h
322 silly gunzTarPerm modified mode [ 'nan_json.h', 436, 420 ]
323 silly gunzTarPerm extractEntry nan_maybe_43_inl.h
324 silly gunzTarPerm modified mode [ 'nan_maybe_43_inl.h', 436, 420 ]
325 silly gunzTarPerm extractEntry example/servo.png
326 silly gunzTarPerm modified mode [ 'example/servo.png', 436, 420 ]
327 silly gunzTarPerm extractEntry nan_maybe_pre_43_inl.h
328 silly gunzTarPerm modified mode [ 'nan_maybe_pre_43_inl.h', 436, 420 ]
329 silly gunzTarPerm extractEntry nan_new.h
330 silly gunzTarPerm modified mode [ 'nan_new.h', 436, 420 ]
331 silly gunzTarPerm extractEntry test/alert-pwm-measurement.js
332 silly gunzTarPerm modified mode [ 'test/alert-pwm-measurement.js', 436, 420 ]
333 silly gunzTarPerm extractEntry test/gpio-mode.js
334 silly gunzTarPerm modified mode [ 'test/gpio-mode.js', 436, 420 ]
335 silly gunzTarPerm extractEntry nan_object_wrap.h
336 silly gunzTarPerm modified mode [ 'nan_object_wrap.h', 436, 420 ]
337 silly gunzTarPerm extractEntry nan_persistent_12_inl.h
338 silly gunzTarPerm modified mode [ 'nan_persistent_12_inl.h', 436, 420 ]
339 silly gunzTarPerm extractEntry test/gpio-numbers.js
340 silly gunzTarPerm modified mode [ 'test/gpio-numbers.js', 436, 420 ]
341 silly gunzTarPerm extractEntry test/hardware-revision.js
342 silly gunzTarPerm modified mode [ 'test/hardware-revision.js', 436, 420 ]
343 silly gunzTarPerm extractEntry test/do-nothing.js
344 silly gunzTarPerm modified mode [ 'test/do-nothing.js', 436, 420 ]
345 silly gunzTarPerm extractEntry test/alert-trigger-pulse-measurement.js
346 silly gunzTarPerm modified mode [ 'test/alert-trigger-pulse-measurement.js', 436, 420 ]
347 silly gunzTarPerm extractEntry test/isr-performance.js
348 silly gunzTarPerm modified mode [ 'test/isr-performance.js', 436, 420 ]
349 silly gunzTarPerm extractEntry nan_persistent_pre_12_inl.h
350 silly gunzTarPerm modified mode [ 'nan_persistent_pre_12_inl.h', 436, 420 ]
351 silly gunzTarPerm extractEntry nan_private.h
352 silly gunzTarPerm modified mode [ 'nan_private.h', 436, 420 ]
353 silly gunzTarPerm extractEntry test/isr-timeouts-2.js
354 silly gunzTarPerm modified mode [ 'test/isr-timeouts-2.js', 436, 420 ]
355 silly gunzTarPerm extractEntry test/isr-timeouts.js
356 silly gunzTarPerm modified mode [ 'test/isr-timeouts.js', 436, 420 ]
357 silly gunzTarPerm extractEntry nan_string_bytes.h
358 silly gunzTarPerm modified mode [ 'nan_string_bytes.h', 436, 420 ]
359 silly gunzTarPerm extractEntry nan_typedarray_contents.h
360 silly gunzTarPerm modified mode [ 'nan_typedarray_contents.h', 436, 420 ]
361 silly gunzTarPerm extractEntry test/light-switch.js
362 silly gunzTarPerm modified mode [ 'test/light-switch.js', 436, 420 ]
363 silly gunzTarPerm extractEntry test/digital-write-performance.js
364 silly gunzTarPerm modified mode [ 'test/digital-write-performance.js', 436, 420 ]
365 silly gunzTarPerm extractEntry test/notifier-leak-check.js
366 silly gunzTarPerm modified mode [ 'test/notifier-leak-check.js', 436, 420 ]
367 silly gunzTarPerm extractEntry test/digital-read-performance.js
368 silly gunzTarPerm modified mode [ 'test/digital-read-performance.js', 436, 420 ]
369 silly gunzTarPerm extractEntry test/notifier-pwm.js
370 silly gunzTarPerm modified mode [ 'test/notifier-pwm.js', 436, 420 ]
371 silly gunzTarPerm extractEntry test/servo-control.js
372 silly gunzTarPerm modified mode [ 'test/servo-control.js', 436, 420 ]
373 silly gunzTarPerm extractEntry nan_weak.h
374 silly gunzTarPerm modified mode [ 'nan_weak.h', 436, 420 ]
375 silly gunzTarPerm extractEntry CHANGELOG.md
376 silly gunzTarPerm modified mode [ 'CHANGELOG.md', 436, 420 ]
377 silly gunzTarPerm extractEntry test/notifier-stress.js
378 silly gunzTarPerm modified mode [ 'test/notifier-stress.js', 436, 420 ]
379 silly gunzTarPerm extractEntry test/blinky.js
380 silly gunzTarPerm modified mode [ 'test/blinky.js', 436, 420 ]
381 silly gunzTarPerm extractEntry test/notifier.js
382 silly gunzTarPerm modified mode [ 'test/notifier.js', 436, 420 ]
383 silly gunzTarPerm extractEntry test/blinky-pwm.js
384 silly gunzTarPerm modified mode [ 'test/blinky-pwm.js', 436, 420 ]
385 silly gunzTarPerm extractEntry test/pull-up-down.js
386 silly gunzTarPerm modified mode [ 'test/pull-up-down.js', 436, 420 ]
387 silly gunzTarPerm extractEntry tools/package.json
388 silly gunzTarPerm modified mode [ 'tools/package.json', 436, 420 ]
389 silly gunzTarPerm extractEntry tools/README.md
390 silly gunzTarPerm modified mode [ 'tools/README.md', 436, 420 ]
391 silly gunzTarPerm extractEntry test/banked-leds.js
392 silly gunzTarPerm modified mode [ 'test/banked-leds.js', 436, 420 ]
393 silly gunzTarPerm extractEntry test/pulse-led.js
394 silly gunzTarPerm modified mode [ 'test/pulse-led.js', 436, 420 ]
395 silly gunzTarPerm extractEntry test/alert.js
396 silly gunzTarPerm modified mode [ 'test/alert.js', 436, 420 ]
397 silly gunzTarPerm extractEntry test/pwm.js
398 silly gunzTarPerm modified mode [ 'test/pwm.js', 436, 420 ]
399 silly gunzTarPerm extractEntry test/isr-enable-disable.js
400 silly gunzTarPerm modified mode [ 'test/isr-enable-disable.js', 436, 420 ]
401 silly gunzTarPerm extractEntry tools/1to2.js
402 silly gunzTarPerm modified mode [ 'tools/1to2.js', 509, 493 ]
403 silly gunzTarPerm extractEntry test/trigger-led.js
404 silly gunzTarPerm modified mode [ 'test/trigger-led.js', 436, 420 ]
405 silly gunzTarPerm extractEntry test/isr-multiple-sources.js
406 silly gunzTarPerm modified mode [ 'test/isr-multiple-sources.js', 436, 420 ]
407 silly gunzTarPerm extractEntry test/run-tests
408 silly gunzTarPerm modified mode [ 'test/run-tests', 509, 493 ]
409 silly gunzTarPerm extractEntry test/c-interface/blinky.js
410 silly gunzTarPerm modified mode [ 'test/c-interface/blinky.js', 436, 420 ]
411 silly gunzTarPerm extractEntry test/c-interface/do-nothing.js
412 silly gunzTarPerm modified mode [ 'test/c-interface/do-nothing.js', 436, 420 ]
413 silly gunzTarPerm extractEntry test/c-interface/gpio-write-performance.js
414 silly gunzTarPerm modified mode [ 'test/c-interface/gpio-write-performance.js', 436, 420 ]
415 silly gunzTarPerm extractEntry test/c-interface/irq-dynamic.js
416 silly gunzTarPerm modified mode [ 'test/c-interface/irq-dynamic.js', 436, 420 ]
417 silly gunzTarPerm extractEntry test/c-interface/irq-handle-2-inputs.js
418 silly gunzTarPerm modified mode [ 'test/c-interface/irq-handle-2-inputs.js', 436, 420 ]
419 silly gunzTarPerm extractEntry test/c-interface/irq-performance.js
420 silly gunzTarPerm modified mode [ 'test/c-interface/irq-performance.js', 436, 420 ]
421 silly gunzTarPerm extractEntry test/c-interface/irq-watch-unwatch.js
422 silly gunzTarPerm modified mode [ 'test/c-interface/irq-watch-unwatch.js', 436, 420 ]
423 silly gunzTarPerm extractEntry test/c-interface/light-switch.js
424 silly gunzTarPerm modified mode [ 'test/c-interface/light-switch.js', 436, 420 ]
425 silly gunzTarPerm extractEntry test/c-interface/pwm-pulse-10-leds.js
426 silly gunzTarPerm modified mode [ 'test/c-interface/pwm-pulse-10-leds.js', 436, 420 ]
427 silly gunzTarPerm extractEntry test/c-interface/run-tests
428 silly gunzTarPerm modified mode [ 'test/c-interface/run-tests', 509, 493 ]
429 silly gunzTarPerm extractEntry binding.gyp
430 silly gunzTarPerm modified mode [ 'binding.gyp', 436, 420 ]
431 silly gunzTarPerm extractEntry src/pigpio.cc
432 silly gunzTarPerm modified mode [ 'src/pigpio.cc', 436, 420 ]
433 silly gunzTarPerm extractEntry doc/configuration.md
434 silly gunzTarPerm modified mode [ 'doc/configuration.md', 436, 420 ]
435 silly gunzTarPerm extractEntry doc/gpio.md
436 silly gunzTarPerm modified mode [ 'doc/gpio.md', 436, 420 ]
437 silly gunzTarPerm extractEntry doc/gpiobank.md
438 silly gunzTarPerm modified mode [ 'doc/gpiobank.md', 436, 420 ]
439 silly gunzTarPerm extractEntry doc/notifier.md
440 silly gunzTarPerm modified mode [ 'doc/notifier.md', 436, 420 ]
441 silly gentlyRm /usr/local/lib/node_modules/.staging/nan-04cd66c9/node_modules is being purged
442 verbose gentlyRm don't care about contents; nuking /usr/local/lib/node_modules/.staging/nan-04cd66c9/node_modules
443 silly gentlyRm /usr/local/lib/node_modules/.staging/pigpio-d0a06d96/node_modules is being purged
444 verbose gentlyRm don't care about contents; nuking /usr/local/lib/node_modules/.staging/pigpio-d0a06d96/node_modules
445 silly doParallel preinstall 3
446 silly preinstall bindings@1.2.1 /usr/local/lib/node_modules/.staging/bindings-97ca0645
447 info lifecycle bindings@1.2.1~preinstall: bindings@1.2.1
448 silly preinstall nan@2.6.2 /usr/local/lib/node_modules/.staging/nan-04cd66c9
449 info lifecycle nan@2.6.2~preinstall: nan@2.6.2
450 silly preinstall pigpio@0.6.1 /usr/local/lib/node_modules/.staging/pigpio-d0a06d96
451 info lifecycle pigpio@0.6.1~preinstall: pigpio@0.6.1
452 silly lifecycle bindings@1.2.1~preinstall: no script for preinstall, continuing
453 silly lifecycle nan@2.6.2~preinstall: no script for preinstall, continuing
454 silly lifecycle pigpio@0.6.1~preinstall: no script for preinstall, continuing
455 silly doReverseSerial remove 0
456 silly doSerial move 0
457 silly doSerial finalize 3
458 silly finalize /usr/local/lib/node_modules/pigpio/node_modules/bindings
459 silly finalize /usr/local/lib/node_modules/pigpio/node_modules/nan
460 silly finalize /usr/local/lib/node_modules/pigpio
461 silly doSerial build 3
462 silly build bindings@1.2.1
463 info linkStuff bindings@1.2.1
464 silly linkStuff bindings@1.2.1 has /usr/local/lib/node_modules/pigpio/node_modules as its parent node_modules
465 silly linkStuff bindings@1.2.1 is part of a global install
466 silly linkStuff bindings@1.2.1 is installed into a global node_modules
467 verbose linkBins bindings@1.2.1
468 verbose linkMans bindings@1.2.1
469 silly build nan@2.6.2
470 info linkStuff nan@2.6.2
471 silly linkStuff nan@2.6.2 has /usr/local/lib/node_modules/pigpio/node_modules as its parent node_modules
472 silly linkStuff nan@2.6.2 is part of a global install
473 silly linkStuff nan@2.6.2 is installed into a global node_modules
474 verbose linkBins nan@2.6.2
475 verbose linkMans nan@2.6.2
476 silly build pigpio@0.6.1
477 info linkStuff pigpio@0.6.1
478 silly linkStuff pigpio@0.6.1 has /usr/local/lib/node_modules as its parent node_modules
479 silly linkStuff pigpio@0.6.1 is part of a global install
480 silly linkStuff pigpio@0.6.1 is installed into a global node_modules
481 silly linkStuff pigpio@0.6.1 is installed into the top-level global node_modules
482 verbose linkBins pigpio@0.6.1
483 verbose linkMans pigpio@0.6.1
484 silly doSerial global-link 0
485 silly doParallel update-linked 0
486 silly doSerial install 3
487 silly install bindings@1.2.1 /usr/local/lib/node_modules/.staging/bindings-97ca0645
488 info lifecycle bindings@1.2.1~install: bindings@1.2.1
489 silly lifecycle bindings@1.2.1~install: no script for install, continuing
490 silly install nan@2.6.2 /usr/local/lib/node_modules/.staging/nan-04cd66c9
491 info lifecycle nan@2.6.2~install: nan@2.6.2
492 silly lifecycle nan@2.6.2~install: no script for install, continuing
493 silly install pigpio@0.6.1 /usr/local/lib/node_modules/.staging/pigpio-d0a06d96
494 info lifecycle pigpio@0.6.1~install: pigpio@0.6.1
495 verbose lifecycle pigpio@0.6.1~install: unsafe-perm in lifecycle true
496 verbose lifecycle pigpio@0.6.1~install: PATH: /usr/local/lib/node_modules/npm/bin/node-gyp-bin:/usr/local/lib/node_modules/pigpio/node_modules/.bin:/usr/local/lib/node_modules/.bin:/usr/local/Cellar/node/7.1.0/bin:/Users/sanjeevghimire/bin:/usr/local/bin:/usr/local/bin:/usr/bin:/bin:/usr/sbin:/sbin:/Users/sanjeevghimire/Documents/workspace/openwhisk/bin
497 verbose lifecycle pigpio@0.6.1~install: CWD: /usr/local/lib/node_modules/pigpio
498 silly lifecycle pigpio@0.6.1~install: Args: [ '-c', 'node-gyp rebuild' ]
499 silly lifecycle pigpio@0.6.1~install: Returned: code: 1  signal: null
500 info lifecycle pigpio@0.6.1~install: Failed to exec install script
501 verbose unlock done using /Users/sanjeevghimire/.npm/_locks/staging-3a08f0df5026584d.lock for /usr/local/lib/node_modules/.staging
502 silly rollbackFailedOptional Starting
503 silly rollbackFailedOptional Finishing
504 silly runTopLevelLifecycles Finishing
505 silly install printInstalled
506 verbose stack Error: pigpio@0.6.1 install: `node-gyp rebuild`
506 verbose stack Exit status 1
506 verbose stack     at EventEmitter.<anonymous> (/usr/local/lib/node_modules/npm/lib/utils/lifecycle.js:255:16)
506 verbose stack     at emitTwo (events.js:106:13)
506 verbose stack     at EventEmitter.emit (events.js:191:7)
506 verbose stack     at ChildProcess.<anonymous> (/usr/local/lib/node_modules/npm/lib/utils/spawn.js:40:14)
506 verbose stack     at emitTwo (events.js:106:13)
506 verbose stack     at ChildProcess.emit (events.js:191:7)
506 verbose stack     at maybeClose (internal/child_process.js:885:16)
506 verbose stack     at Process.ChildProcess._handle.onexit (internal/child_process.js:226:5)
507 verbose pkgid pigpio@0.6.1
508 verbose cwd /Users/sanjeevghimire/Documents/Berlin-2017/RobotPI
509 error Darwin 16.6.0
510 error argv "/usr/local/Cellar/node/7.1.0/bin/node" "/usr/local/bin/npm" "install" "pigpio" "-g"
511 error node v7.1.0
512 error npm  v3.10.9
513 error code ELIFECYCLE
514 error pigpio@0.6.1 install: `node-gyp rebuild`
514 error Exit status 1
515 error Failed at the pigpio@0.6.1 install script 'node-gyp rebuild'.
515 error Make sure you have the latest version of node.js and npm installed.
515 error If you do, this is most likely a problem with the pigpio package,
515 error not with npm itself.
515 error Tell the author that this fails on your system:
515 error     node-gyp rebuild
515 error You can get information on how to open an issue for this project with:
515 error     npm bugs pigpio
515 error Or if that isn't available, you can get their info via:
515 error     npm owner ls pigpio
515 error There is likely additional logging output above.
516 verbose exit [ 1, true ]
